[2025-08-04 01:21:07] === Starting Bug Hunting Framework Backup ===
[2025-08-04 01:21:07] Backup ID: 20250804_012107
[2025-08-04 01:21:07] Date: 2025-08-04
[2025-08-04 01:21:07] Checking environment configuration...
[2025-08-04 01:21:07] \033[0;32mSUCCESS: Environment configuration validated\033[0m
[2025-08-04 01:21:07] Creating backup directory structure...
[2025-08-04 01:21:07] \033[0;32mSUCCESS: Backup directory structure created\033[0m
[2025-08-04 01:21:07] Setting up encryption...
[2025-08-04 01:21:07] Generating new encryption key...
[2025-08-04 15:48:37] === Starting Bug Hunting Framework Backup ===
[2025-08-04 15:48:37] Backup ID: 20250804_154837
[2025-08-04 15:48:37] Date: 2025-08-04
[2025-08-04 15:48:37] Checking environment configuration...
[2025-08-04 15:48:37] \033[0;32mSUCCESS: Environment configuration validated\033[0m
[2025-08-04 15:48:37] Creating backup directory structure...
[2025-08-04 15:48:37] \033[0;32mSUCCESS: Backup directory structure created\033[0m
[2025-08-04 15:48:37] Setting up encryption...
[2025-08-04 15:48:37] Using existing encryption key
[2025-08-04 15:48:37] Starting database backup...
pg_dump: last built-in OID is 16383
pg_dump: reading extensions
pg_dump: identifying extension members
pg_dump: reading schemas
pg_dump: reading user-defined tables
pg_dump: reading user-defined functions
pg_dump: reading user-defined types
pg_dump: reading procedural languages
pg_dump: reading user-defined aggregate functions
pg_dump: reading user-defined operators
pg_dump: reading user-defined access methods
pg_dump: reading user-defined operator classes
pg_dump: reading user-defined operator families
pg_dump: reading user-defined text search parsers
pg_dump: reading user-defined text search templates
pg_dump: reading user-defined text search dictionaries
pg_dump: reading user-defined text search configurations
pg_dump: reading user-defined foreign-data wrappers
pg_dump: reading user-defined foreign servers
pg_dump: reading default privileges
pg_dump: reading user-defined collations
pg_dump: reading user-defined conversions
pg_dump: reading type casts
pg_dump: reading transforms
pg_dump: reading table inheritance information
pg_dump: reading event triggers
pg_dump: finding extension tables
pg_dump: finding inheritance relationships
pg_dump: reading column info for interesting tables
pg_dump: flagging inherited columns in subtables
pg_dump: reading partitioning data
pg_dump: reading indexes
pg_dump: flagging indexes in partitioned tables
pg_dump: reading extended statistics
pg_dump: reading constraints
pg_dump: reading triggers
pg_dump: reading rewrite rules
pg_dump: reading policies
pg_dump: reading row-level security policies
pg_dump: reading publications
pg_dump: reading publication membership of tables
pg_dump: reading publication membership of schemas
pg_dump: reading subscriptions
pg_dump: reading large objects
pg_dump: reading dependency data
pg_dump: saving encoding = UTF8
pg_dump: saving standard_conforming_strings = on
pg_dump: saving search_path = 
pg_dump: saving database definition
pg_dump: dropping DATABASE bug_hunting_framework
pg_dump: creating DATABASE "bug_hunting_framework"
pg_dump: connecting to new database "bug_hunting_framework"
pg_dump: creating EXTENSION "pg_trgm"
pg_dump: creating COMMENT "EXTENSION pg_trgm"
pg_dump: creating EXTENSION "uuid-ossp"
pg_dump: creating COMMENT "EXTENSION "uuid-ossp""
pg_dump: creating TYPE "public.attackpathstatus"
pg_dump: creating TYPE "public.bugbountyplatform"
pg_dump: creating TYPE "public.portstatus"
pg_dump: creating TYPE "public.reconcategory"
pg_dump: creating TYPE "public.reportformat"
pg_dump: creating TYPE "public.reportstatus"
pg_dump: creating TYPE "public.reporttype"
pg_dump: creating TYPE "public.servicestatus"
pg_dump: creating TYPE "public.subdomainstatus"
pg_dump: creating TYPE "public.targetstatus"
pg_dump: creating TYPE "public.vulnerabilityseverity"
pg_dump: creating TYPE "public.vulnerabilitystatus"
pg_dump: creating TYPE "public.vulnerabilitytype"
pg_dump: creating TYPE "public.workflowstage"
pg_dump: creating TYPE "public.workflowstatus"
pg_dump: creating TABLE "public.active_recon_results"
pg_dump: creating TABLE "public.alembic_version"
pg_dump: creating TABLE "public.archive_findings"
pg_dump: creating TABLE "public.attack_paths"
pg_dump: creating TABLE "public.breach_records"
pg_dump: creating TABLE "public.certificate_logs"
pg_dump: creating TABLE "public.cloud_assets"
pg_dump: creating TABLE "public.infrastructure_exposures"
pg_dump: creating TABLE "public.kill_chains"
pg_dump: creating TABLE "public.passive_recon_results"
pg_dump: creating TABLE "public.ports"
pg_dump: creating TABLE "public.reports"
pg_dump: creating TABLE "public.repository_findings"
pg_dump: creating TABLE "public.search_dork_results"
pg_dump: creating TABLE "public.services"
pg_dump: creating TABLE "public.social_media_intel"
pg_dump: creating TABLE "public.subdomains"
pg_dump: creating TABLE "public.targets"
pg_dump: creating TABLE "public.vulnerabilities"
pg_dump: creating TABLE "public.vulnerability_findings"
pg_dump: creating TABLE "public.whois_records"
pg_dump: creating TABLE "public.workflow_executions"
pg_dump: creating TABLE "public.workflows"
pg_dump: processing data for table "public.active_recon_results"
pg_dump: dumping contents of table "public.active_recon_results"
pg_dump: processing data for table "public.alembic_version"
pg_dump: dumping contents of table "public.alembic_version"
pg_dump: processing data for table "public.archive_findings"
pg_dump: dumping contents of table "public.archive_findings"
pg_dump: processing data for table "public.attack_paths"
pg_dump: dumping contents of table "public.attack_paths"
pg_dump: processing data for table "public.breach_records"
pg_dump: dumping contents of table "public.breach_records"
pg_dump: processing data for table "public.certificate_logs"
pg_dump: dumping contents of table "public.certificate_logs"
pg_dump: processing data for table "public.cloud_assets"
pg_dump: dumping contents of table "public.cloud_assets"
pg_dump: processing data for table "public.infrastructure_exposures"
pg_dump: dumping contents of table "public.infrastructure_exposures"
pg_dump: processing data for table "public.kill_chains"
pg_dump: dumping contents of table "public.kill_chains"
pg_dump: processing data for table "public.passive_recon_results"
pg_dump: dumping contents of table "public.passive_recon_results"
pg_dump: processing data for table "public.ports"
pg_dump: dumping contents of table "public.ports"
pg_dump: processing data for table "public.reports"
pg_dump: dumping contents of table "public.reports"
pg_dump: processing data for table "public.repository_findings"
pg_dump: dumping contents of table "public.repository_findings"
pg_dump: processing data for table "public.search_dork_results"
pg_dump: dumping contents of table "public.search_dork_results"
pg_dump: processing data for table "public.services"
pg_dump: dumping contents of table "public.services"
pg_dump: processing data for table "public.social_media_intel"
pg_dump: dumping contents of table "public.social_media_intel"
pg_dump: processing data for table "public.subdomains"
pg_dump: dumping contents of table "public.subdomains"
pg_dump: processing data for table "public.targets"
pg_dump: dumping contents of table "public.targets"
pg_dump: processing data for table "public.vulnerabilities"
pg_dump: dumping contents of table "public.vulnerabilities"
pg_dump: processing data for table "public.vulnerability_findings"
pg_dump: dumping contents of table "public.vulnerability_findings"
pg_dump: processing data for table "public.whois_records"
pg_dump: dumping contents of table "public.whois_records"
pg_dump: processing data for table "public.workflow_executions"
pg_dump: dumping contents of table "public.workflow_executions"
pg_dump: processing data for table "public.workflows"
pg_dump: dumping contents of table "public.workflows"
pg_dump: creating CONSTRAINT "public.active_recon_results active_recon_results_pkey"
pg_dump: creating CONSTRAINT "public.alembic_version alembic_version_pkc"
pg_dump: creating CONSTRAINT "public.archive_findings archive_findings_pkey"
pg_dump: creating CONSTRAINT "public.attack_paths attack_paths_pkey"
pg_dump: creating CONSTRAINT "public.breach_records breach_records_pkey"
pg_dump: creating CONSTRAINT "public.certificate_logs certificate_logs_pkey"
pg_dump: creating CONSTRAINT "public.cloud_assets cloud_assets_pkey"
pg_dump: creating CONSTRAINT "public.infrastructure_exposures infrastructure_exposures_pkey"
pg_dump: creating CONSTRAINT "public.kill_chains kill_chains_pkey"
pg_dump: creating CONSTRAINT "public.passive_recon_results passive_recon_results_pkey"
pg_dump: creating CONSTRAINT "public.ports ports_pkey"
pg_dump: creating CONSTRAINT "public.reports reports_pkey"
pg_dump: creating CONSTRAINT "public.repository_findings repository_findings_pkey"
pg_dump: creating CONSTRAINT "public.search_dork_results search_dork_results_pkey"
pg_dump: creating CONSTRAINT "public.services services_pkey"
pg_dump: creating CONSTRAINT "public.social_media_intel social_media_intel_pkey"
pg_dump: creating CONSTRAINT "public.subdomains subdomains_pkey"
pg_dump: creating CONSTRAINT "public.targets targets_pkey"
pg_dump: creating CONSTRAINT "public.vulnerabilities vulnerabilities_pkey"
pg_dump: creating CONSTRAINT "public.vulnerability_findings vulnerability_findings_pkey"
pg_dump: creating CONSTRAINT "public.whois_records whois_records_pkey"
pg_dump: creating CONSTRAINT "public.workflow_executions workflow_executions_pkey"
pg_dump: creating CONSTRAINT "public.workflows workflows_pkey"
pg_dump: creating INDEX "public.idx_active_recon_created"
pg_dump: creating INDEX "public.idx_active_recon_execution"
pg_dump: creating INDEX "public.idx_active_recon_target"
pg_dump: creating INDEX "public.idx_archive_passive_recon"
pg_dump: creating INDEX "public.idx_archive_source"
pg_dump: creating INDEX "public.idx_archive_type"
pg_dump: creating INDEX "public.idx_attack_paths_exploitable"
pg_dump: creating INDEX "public.idx_attack_paths_kill_chain"
pg_dump: creating INDEX "public.idx_attack_paths_name"
pg_dump: creating INDEX "public.idx_attack_paths_status"
pg_dump: creating INDEX "public.idx_attack_paths_verified"
pg_dump: creating INDEX "public.idx_breach_passive_recon"
pg_dump: creating INDEX "public.idx_breach_source"
pg_dump: creating INDEX "public.idx_breach_type"
pg_dump: creating INDEX "public.idx_cert_domain"
pg_dump: creating INDEX "public.idx_cert_issuer"
pg_dump: creating INDEX "public.idx_cert_passive_recon"
pg_dump: creating INDEX "public.idx_cloud_passive_recon"
pg_dump: creating INDEX "public.idx_cloud_provider"
pg_dump: creating INDEX "public.idx_cloud_type"
pg_dump: creating INDEX "public.idx_dork_passive_recon"
pg_dump: creating INDEX "public.idx_dork_query"
pg_dump: creating INDEX "public.idx_dork_type"
pg_dump: creating INDEX "public.idx_infra_passive_recon"
pg_dump: creating INDEX "public.idx_infra_service"
pg_dump: creating INDEX "public.idx_infra_source"
pg_dump: creating INDEX "public.idx_kill_chains_created"
pg_dump: creating INDEX "public.idx_kill_chains_execution"
pg_dump: creating INDEX "public.idx_kill_chains_target"
pg_dump: creating INDEX "public.idx_passive_recon_created"
pg_dump: creating INDEX "public.idx_passive_recon_execution"
pg_dump: creating INDEX "public.idx_passive_recon_target"
pg_dump: creating INDEX "public.idx_ports_active_recon"
pg_dump: creating INDEX "public.idx_ports_host"
pg_dump: creating INDEX "public.idx_ports_host_port"
pg_dump: creating INDEX "public.idx_ports_number"
pg_dump: creating INDEX "public.idx_ports_open"
pg_dump: creating INDEX "public.idx_ports_protocol"
pg_dump: creating INDEX "public.idx_ports_service"
pg_dump: creating INDEX "public.idx_ports_status"
pg_dump: creating INDEX "public.idx_repo_passive_recon"
pg_dump: creating INDEX "public.idx_repo_platform"
pg_dump: creating INDEX "public.idx_repo_type"
pg_dump: creating INDEX "public.idx_reports_created"
pg_dump: creating INDEX "public.idx_reports_format"
pg_dump: creating INDEX "public.idx_reports_name"
pg_dump: creating INDEX "public.idx_reports_status"
pg_dump: creating INDEX "public.idx_reports_target"
pg_dump: creating INDEX "public.idx_reports_type"
pg_dump: creating INDEX "public.idx_reports_workflow"
pg_dump: creating INDEX "public.idx_services_active_recon"
pg_dump: creating INDEX "public.idx_services_confirmed"
pg_dump: creating INDEX "public.idx_services_name"
pg_dump: creating INDEX "public.idx_services_port"
pg_dump: creating INDEX "public.idx_services_product"
pg_dump: creating INDEX "public.idx_services_status"
pg_dump: creating INDEX "public.idx_social_passive_recon"
pg_dump: creating INDEX "public.idx_social_platform"
pg_dump: creating INDEX "public.idx_social_type"
pg_dump: creating INDEX "public.idx_subdomains_domain"
pg_dump: creating INDEX "public.idx_subdomains_name"
pg_dump: creating INDEX "public.idx_subdomains_passive_recon"
pg_dump: creating INDEX "public.idx_subdomains_status"
pg_dump: creating INDEX "public.idx_subdomains_verified"
pg_dump: creating INDEX "public.idx_targets_domain"
pg_dump: creating INDEX "public.idx_targets_status"
pg_dump: creating INDEX "public.idx_vulnerabilities_created"
pg_dump: creating INDEX "public.idx_vulnerabilities_execution"
pg_dump: creating INDEX "public.idx_vulnerabilities_target"
pg_dump: creating INDEX "public.idx_vulnerability_findings_cve"
pg_dump: creating INDEX "public.idx_vulnerability_findings_host"
pg_dump: creating INDEX "public.idx_vulnerability_findings_severity"
pg_dump: creating INDEX "public.idx_vulnerability_findings_status"
pg_dump: creating INDEX "public.idx_vulnerability_findings_title"
pg_dump: creating INDEX "public.idx_vulnerability_findings_type"
pg_dump: creating INDEX "public.idx_vulnerability_findings_verified"
pg_dump: creating INDEX "public.idx_vulnerability_findings_vulnerability"
pg_dump: creating INDEX "public.idx_whois_domain"
pg_dump: creating INDEX "public.idx_whois_passive_recon"
pg_dump: creating INDEX "public.idx_whois_registrar"
pg_dump: creating INDEX "public.idx_workflow_executions_execution_id"
pg_dump: creating INDEX "public.idx_workflow_executions_stage"
pg_dump: creating INDEX "public.idx_workflow_executions_status"
pg_dump: creating INDEX "public.idx_workflow_executions_workflow"
pg_dump: creating INDEX "public.idx_workflows_current_stage"
pg_dump: creating INDEX "public.idx_workflows_status"
pg_dump: creating INDEX "public.idx_workflows_target"
pg_dump: creating INDEX "public.ix_public_active_recon_results_created_at"
pg_dump: creating INDEX "public.ix_public_active_recon_results_execution_id"
pg_dump: creating INDEX "public.ix_public_active_recon_results_id"
pg_dump: creating INDEX "public.ix_public_attack_paths_created_at"
pg_dump: creating INDEX "public.ix_public_attack_paths_id"
pg_dump: creating INDEX "public.ix_public_attack_paths_is_exploitable"
pg_dump: creating INDEX "public.ix_public_attack_paths_is_verified"
pg_dump: creating INDEX "public.ix_public_attack_paths_name"
pg_dump: creating INDEX "public.ix_public_attack_paths_status"
pg_dump: creating INDEX "public.ix_public_kill_chains_created_at"
pg_dump: creating INDEX "public.ix_public_kill_chains_execution_id"
pg_dump: creating INDEX "public.ix_public_kill_chains_id"
pg_dump: creating INDEX "public.ix_public_passive_recon_results_created_at"
pg_dump: creating INDEX "public.ix_public_passive_recon_results_execution_id"
pg_dump: creating INDEX "public.ix_public_passive_recon_results_id"
pg_dump: creating INDEX "public.ix_public_ports_created_at"
pg_dump: creating INDEX "public.ix_public_ports_host"
pg_dump: creating INDEX "public.ix_public_ports_id"
pg_dump: creating INDEX "public.ix_public_ports_is_open"
pg_dump: creating INDEX "public.ix_public_ports_port_number"
pg_dump: creating INDEX "public.ix_public_ports_protocol"
pg_dump: creating INDEX "public.ix_public_ports_service_name"
pg_dump: creating INDEX "public.ix_public_ports_status"
pg_dump: creating INDEX "public.ix_public_reports_access_token"
pg_dump: creating INDEX "public.ix_public_reports_created_at"
pg_dump: creating INDEX "public.ix_public_reports_format"
pg_dump: creating INDEX "public.ix_public_reports_id"
pg_dump: creating INDEX "public.ix_public_reports_is_public"
pg_dump: creating INDEX "public.ix_public_reports_name"
pg_dump: creating INDEX "public.ix_public_reports_report_type"
pg_dump: creating INDEX "public.ix_public_reports_status"
pg_dump: creating INDEX "public.ix_public_reports_workflow_id"
pg_dump: creating INDEX "public.ix_public_services_created_at"
pg_dump: creating INDEX "public.ix_public_services_id"
pg_dump: creating INDEX "public.ix_public_services_is_confirmed"
pg_dump: creating INDEX "public.ix_public_services_name"
pg_dump: creating INDEX "public.ix_public_services_status"
pg_dump: creating INDEX "public.ix_public_subdomains_created_at"
pg_dump: creating INDEX "public.ix_public_subdomains_domain"
pg_dump: creating INDEX "public.ix_public_subdomains_id"
pg_dump: creating INDEX "public.ix_public_subdomains_is_verified"
pg_dump: creating INDEX "public.ix_public_subdomains_name"
pg_dump: creating INDEX "public.ix_public_subdomains_status"
pg_dump: creating INDEX "public.ix_public_subdomains_subdomain_part"
pg_dump: creating INDEX "public.ix_public_targets_created_at"
pg_dump: creating INDEX "public.ix_public_targets_domain"
pg_dump: creating INDEX "public.ix_public_targets_id"
pg_dump: creating INDEX "public.ix_public_targets_target"
pg_dump: creating INDEX "public.ix_public_vulnerabilities_created_at"
pg_dump: creating INDEX "public.ix_public_vulnerabilities_execution_id"
pg_dump: creating INDEX "public.ix_public_vulnerabilities_id"
pg_dump: creating INDEX "public.ix_public_vulnerability_findings_affected_host"
pg_dump: creating INDEX "public.ix_public_vulnerability_findings_created_at"
pg_dump: creating INDEX "public.ix_public_vulnerability_findings_cve_id"
pg_dump: creating INDEX "public.ix_public_vulnerability_findings_id"
pg_dump: creating INDEX "public.ix_public_vulnerability_findings_is_verified"
pg_dump: creating INDEX "public.ix_public_vulnerability_findings_severity"
pg_dump: creating INDEX "public.ix_public_vulnerability_findings_status"
pg_dump: creating INDEX "public.ix_public_vulnerability_findings_title"
pg_dump: creating INDEX "public.ix_public_vulnerability_findings_vuln_type"
pg_dump: creating INDEX "public.ix_public_workflow_executions_created_at"
pg_dump: creating INDEX "public.ix_public_workflow_executions_execution_id"
pg_dump: creating INDEX "public.ix_public_workflow_executions_id"
pg_dump: creating INDEX "public.ix_public_workflow_executions_stage"
pg_dump: creating INDEX "public.ix_public_workflow_executions_status"
pg_dump: creating INDEX "public.ix_public_workflows_created_at"
pg_dump: creating INDEX "public.ix_public_workflows_id"
pg_dump: creating INDEX "public.ix_public_workflows_name"
pg_dump: creating INDEX "public.ix_public_workflows_status"
pg_dump: creating FK CONSTRAINT "public.active_recon_results active_recon_results_target_id_fkey"
pg_dump: creating FK CONSTRAINT "public.archive_findings archive_findings_passive_recon_result_id_fkey"
pg_dump: creating FK CONSTRAINT "public.attack_paths attack_paths_kill_chain_id_fkey"
pg_dump: creating FK CONSTRAINT "public.breach_records breach_records_passive_recon_result_id_fkey"
pg_dump: creating FK CONSTRAINT "public.certificate_logs certificate_logs_passive_recon_result_id_fkey"
pg_dump: creating FK CONSTRAINT "public.cloud_assets cloud_assets_passive_recon_result_id_fkey"
pg_dump: creating FK CONSTRAINT "public.infrastructure_exposures infrastructure_exposures_passive_recon_result_id_fkey"
pg_dump: creating FK CONSTRAINT "public.kill_chains kill_chains_target_id_fkey"
pg_dump: creating FK CONSTRAINT "public.passive_recon_results passive_recon_results_target_id_fkey"
pg_dump: creating FK CONSTRAINT "public.ports ports_active_recon_result_id_fkey"
pg_dump: creating FK CONSTRAINT "public.reports reports_target_id_fkey"
pg_dump: creating FK CONSTRAINT "public.reports reports_workflow_id_fkey"
pg_dump: creating FK CONSTRAINT "public.repository_findings repository_findings_passive_recon_result_id_fkey"
pg_dump: creating FK CONSTRAINT "public.search_dork_results search_dork_results_passive_recon_result_id_fkey"
pg_dump: creating FK CONSTRAINT "public.services services_active_recon_result_id_fkey"
pg_dump: creating FK CONSTRAINT "public.services services_port_id_fkey"
pg_dump: creating FK CONSTRAINT "public.social_media_intel social_media_intel_passive_recon_result_id_fkey"
pg_dump: creating FK CONSTRAINT "public.subdomains subdomains_passive_recon_result_id_fkey"
pg_dump: creating FK CONSTRAINT "public.vulnerabilities vulnerabilities_target_id_fkey"
pg_dump: creating FK CONSTRAINT "public.vulnerability_findings vulnerability_findings_vulnerability_id_fkey"
pg_dump: creating FK CONSTRAINT "public.whois_records whois_records_passive_recon_result_id_fkey"
pg_dump: creating FK CONSTRAINT "public.workflow_executions workflow_executions_workflow_id_fkey"
pg_dump: creating FK CONSTRAINT "public.workflows workflows_target_id_fkey"
[2025-08-04 15:48:37] \033[0;32mSUCCESS: Database backup created: /backups/database/db_backup_20250804_154837.sql\033[0m
[2025-08-04 15:48:37] Compressing database backup...
[2025-08-04 15:48:37] \033[0;32mSUCCESS: Database backup compressed: /backups/database/db_backup_20250804_154837.sql.gz\033[0m
[2025-08-04 15:48:37] Encrypting database backup...
[2025-08-04 15:51:24] === Starting Bug Hunting Framework Backup ===
[2025-08-04 15:51:24] Backup ID: 20250804_155124
[2025-08-04 15:51:24] Date: 2025-08-04
[2025-08-04 15:51:24] Checking environment configuration...
[2025-08-04 15:51:24] \033[0;32mSUCCESS: Environment configuration validated\033[0m
[2025-08-04 15:51:24] Creating backup directory structure...
[2025-08-04 15:51:24] \033[0;32mSUCCESS: Backup directory structure created\033[0m
[2025-08-04 15:51:24] Setting up encryption...
[2025-08-04 15:51:24] Using existing encryption key
[2025-08-04 15:51:24] Starting database backup...
pg_dump: last built-in OID is 16383
pg_dump: reading extensions
pg_dump: identifying extension members
pg_dump: reading schemas
pg_dump: reading user-defined tables
pg_dump: reading user-defined functions
pg_dump: reading user-defined types
pg_dump: reading procedural languages
pg_dump: reading user-defined aggregate functions
pg_dump: reading user-defined operators
pg_dump: reading user-defined access methods
pg_dump: reading user-defined operator classes
pg_dump: reading user-defined operator families
pg_dump: reading user-defined text search parsers
pg_dump: reading user-defined text search templates
pg_dump: reading user-defined text search dictionaries
pg_dump: reading user-defined text search configurations
pg_dump: reading user-defined foreign-data wrappers
pg_dump: reading user-defined foreign servers
pg_dump: reading default privileges
pg_dump: reading user-defined collations
pg_dump: reading user-defined conversions
pg_dump: reading type casts
pg_dump: reading transforms
pg_dump: reading table inheritance information
pg_dump: reading event triggers
pg_dump: finding extension tables
pg_dump: finding inheritance relationships
pg_dump: reading column info for interesting tables
pg_dump: flagging inherited columns in subtables
pg_dump: reading partitioning data
pg_dump: reading indexes
pg_dump: flagging indexes in partitioned tables
pg_dump: reading extended statistics
pg_dump: reading constraints
pg_dump: reading triggers
pg_dump: reading rewrite rules
pg_dump: reading policies
pg_dump: reading row-level security policies
pg_dump: reading publications
pg_dump: reading publication membership of tables
pg_dump: reading publication membership of schemas
pg_dump: reading subscriptions
pg_dump: reading large objects
pg_dump: reading dependency data
pg_dump: saving encoding = UTF8
pg_dump: saving standard_conforming_strings = on
pg_dump: saving search_path = 
pg_dump: saving database definition
pg_dump: dropping DATABASE bug_hunting_framework
pg_dump: creating DATABASE "bug_hunting_framework"
pg_dump: connecting to new database "bug_hunting_framework"
pg_dump: creating EXTENSION "pg_trgm"
pg_dump: creating COMMENT "EXTENSION pg_trgm"
pg_dump: creating EXTENSION "uuid-ossp"
pg_dump: creating COMMENT "EXTENSION "uuid-ossp""
pg_dump: creating TYPE "public.attackpathstatus"
pg_dump: creating TYPE "public.bugbountyplatform"
pg_dump: creating TYPE "public.portstatus"
pg_dump: creating TYPE "public.reconcategory"
pg_dump: creating TYPE "public.reportformat"
pg_dump: creating TYPE "public.reportstatus"
pg_dump: creating TYPE "public.reporttype"
pg_dump: creating TYPE "public.servicestatus"
pg_dump: creating TYPE "public.subdomainstatus"
pg_dump: creating TYPE "public.targetstatus"
pg_dump: creating TYPE "public.vulnerabilityseverity"
pg_dump: creating TYPE "public.vulnerabilitystatus"
pg_dump: creating TYPE "public.vulnerabilitytype"
pg_dump: creating TYPE "public.workflowstage"
pg_dump: creating TYPE "public.workflowstatus"
pg_dump: creating TABLE "public.active_recon_results"
pg_dump: creating TABLE "public.alembic_version"
pg_dump: creating TABLE "public.archive_findings"
pg_dump: creating TABLE "public.attack_paths"
pg_dump: creating TABLE "public.breach_records"
pg_dump: creating TABLE "public.certificate_logs"
pg_dump: creating TABLE "public.cloud_assets"
pg_dump: creating TABLE "public.infrastructure_exposures"
pg_dump: creating TABLE "public.kill_chains"
pg_dump: creating TABLE "public.passive_recon_results"
pg_dump: creating TABLE "public.ports"
pg_dump: creating TABLE "public.reports"
pg_dump: creating TABLE "public.repository_findings"
pg_dump: creating TABLE "public.search_dork_results"
pg_dump: creating TABLE "public.services"
pg_dump: creating TABLE "public.social_media_intel"
pg_dump: creating TABLE "public.subdomains"
pg_dump: creating TABLE "public.targets"
pg_dump: creating TABLE "public.vulnerabilities"
pg_dump: creating TABLE "public.vulnerability_findings"
pg_dump: creating TABLE "public.whois_records"
pg_dump: creating TABLE "public.workflow_executions"
pg_dump: creating TABLE "public.workflows"
pg_dump: processing data for table "public.active_recon_results"
pg_dump: dumping contents of table "public.active_recon_results"
pg_dump: processing data for table "public.alembic_version"
pg_dump: dumping contents of table "public.alembic_version"
pg_dump: processing data for table "public.archive_findings"
pg_dump: dumping contents of table "public.archive_findings"
pg_dump: processing data for table "public.attack_paths"
pg_dump: dumping contents of table "public.attack_paths"
pg_dump: processing data for table "public.breach_records"
pg_dump: dumping contents of table "public.breach_records"
pg_dump: processing data for table "public.certificate_logs"
pg_dump: dumping contents of table "public.certificate_logs"
pg_dump: processing data for table "public.cloud_assets"
pg_dump: dumping contents of table "public.cloud_assets"
pg_dump: processing data for table "public.infrastructure_exposures"
pg_dump: dumping contents of table "public.infrastructure_exposures"
pg_dump: processing data for table "public.kill_chains"
pg_dump: dumping contents of table "public.kill_chains"
pg_dump: processing data for table "public.passive_recon_results"
pg_dump: dumping contents of table "public.passive_recon_results"
pg_dump: processing data for table "public.ports"
pg_dump: dumping contents of table "public.ports"
pg_dump: processing data for table "public.reports"
pg_dump: dumping contents of table "public.reports"
pg_dump: processing data for table "public.repository_findings"
pg_dump: dumping contents of table "public.repository_findings"
pg_dump: processing data for table "public.search_dork_results"
pg_dump: dumping contents of table "public.search_dork_results"
pg_dump: processing data for table "public.services"
pg_dump: dumping contents of table "public.services"
pg_dump: processing data for table "public.social_media_intel"
pg_dump: dumping contents of table "public.social_media_intel"
pg_dump: processing data for table "public.subdomains"
pg_dump: dumping contents of table "public.subdomains"
pg_dump: processing data for table "public.targets"
pg_dump: dumping contents of table "public.targets"
pg_dump: processing data for table "public.vulnerabilities"
pg_dump: dumping contents of table "public.vulnerabilities"
pg_dump: processing data for table "public.vulnerability_findings"
pg_dump: dumping contents of table "public.vulnerability_findings"
pg_dump: processing data for table "public.whois_records"
pg_dump: dumping contents of table "public.whois_records"
pg_dump: processing data for table "public.workflow_executions"
pg_dump: dumping contents of table "public.workflow_executions"
pg_dump: processing data for table "public.workflows"
pg_dump: dumping contents of table "public.workflows"
pg_dump: creating CONSTRAINT "public.active_recon_results active_recon_results_pkey"
pg_dump: creating CONSTRAINT "public.alembic_version alembic_version_pkc"
pg_dump: creating CONSTRAINT "public.archive_findings archive_findings_pkey"
pg_dump: creating CONSTRAINT "public.attack_paths attack_paths_pkey"
pg_dump: creating CONSTRAINT "public.breach_records breach_records_pkey"
pg_dump: creating CONSTRAINT "public.certificate_logs certificate_logs_pkey"
pg_dump: creating CONSTRAINT "public.cloud_assets cloud_assets_pkey"
pg_dump: creating CONSTRAINT "public.infrastructure_exposures infrastructure_exposures_pkey"
pg_dump: creating CONSTRAINT "public.kill_chains kill_chains_pkey"
pg_dump: creating CONSTRAINT "public.passive_recon_results passive_recon_results_pkey"
pg_dump: creating CONSTRAINT "public.ports ports_pkey"
pg_dump: creating CONSTRAINT "public.reports reports_pkey"
pg_dump: creating CONSTRAINT "public.repository_findings repository_findings_pkey"
pg_dump: creating CONSTRAINT "public.search_dork_results search_dork_results_pkey"
pg_dump: creating CONSTRAINT "public.services services_pkey"
pg_dump: creating CONSTRAINT "public.social_media_intel social_media_intel_pkey"
pg_dump: creating CONSTRAINT "public.subdomains subdomains_pkey"
pg_dump: creating CONSTRAINT "public.targets targets_pkey"
pg_dump: creating CONSTRAINT "public.vulnerabilities vulnerabilities_pkey"
pg_dump: creating CONSTRAINT "public.vulnerability_findings vulnerability_findings_pkey"
pg_dump: creating CONSTRAINT "public.whois_records whois_records_pkey"
pg_dump: creating CONSTRAINT "public.workflow_executions workflow_executions_pkey"
pg_dump: creating CONSTRAINT "public.workflows workflows_pkey"
pg_dump: creating INDEX "public.idx_active_recon_created"
pg_dump: creating INDEX "public.idx_active_recon_execution"
pg_dump: creating INDEX "public.idx_active_recon_target"
pg_dump: creating INDEX "public.idx_archive_passive_recon"
pg_dump: creating INDEX "public.idx_archive_source"
pg_dump: creating INDEX "public.idx_archive_type"
pg_dump: creating INDEX "public.idx_attack_paths_exploitable"
pg_dump: creating INDEX "public.idx_attack_paths_kill_chain"
pg_dump: creating INDEX "public.idx_attack_paths_name"
pg_dump: creating INDEX "public.idx_attack_paths_status"
pg_dump: creating INDEX "public.idx_attack_paths_verified"
pg_dump: creating INDEX "public.idx_breach_passive_recon"
pg_dump: creating INDEX "public.idx_breach_source"
pg_dump: creating INDEX "public.idx_breach_type"
pg_dump: creating INDEX "public.idx_cert_domain"
pg_dump: creating INDEX "public.idx_cert_issuer"
pg_dump: creating INDEX "public.idx_cert_passive_recon"
pg_dump: creating INDEX "public.idx_cloud_passive_recon"
pg_dump: creating INDEX "public.idx_cloud_provider"
pg_dump: creating INDEX "public.idx_cloud_type"
pg_dump: creating INDEX "public.idx_dork_passive_recon"
pg_dump: creating INDEX "public.idx_dork_query"
pg_dump: creating INDEX "public.idx_dork_type"
pg_dump: creating INDEX "public.idx_infra_passive_recon"
pg_dump: creating INDEX "public.idx_infra_service"
pg_dump: creating INDEX "public.idx_infra_source"
pg_dump: creating INDEX "public.idx_kill_chains_created"
pg_dump: creating INDEX "public.idx_kill_chains_execution"
pg_dump: creating INDEX "public.idx_kill_chains_target"
pg_dump: creating INDEX "public.idx_passive_recon_created"
pg_dump: creating INDEX "public.idx_passive_recon_execution"
pg_dump: creating INDEX "public.idx_passive_recon_target"
pg_dump: creating INDEX "public.idx_ports_active_recon"
pg_dump: creating INDEX "public.idx_ports_host"
pg_dump: creating INDEX "public.idx_ports_host_port"
pg_dump: creating INDEX "public.idx_ports_number"
pg_dump: creating INDEX "public.idx_ports_open"
pg_dump: creating INDEX "public.idx_ports_protocol"
pg_dump: creating INDEX "public.idx_ports_service"
pg_dump: creating INDEX "public.idx_ports_status"
pg_dump: creating INDEX "public.idx_repo_passive_recon"
pg_dump: creating INDEX "public.idx_repo_platform"
pg_dump: creating INDEX "public.idx_repo_type"
pg_dump: creating INDEX "public.idx_reports_created"
pg_dump: creating INDEX "public.idx_reports_format"
pg_dump: creating INDEX "public.idx_reports_name"
pg_dump: creating INDEX "public.idx_reports_status"
pg_dump: creating INDEX "public.idx_reports_target"
pg_dump: creating INDEX "public.idx_reports_type"
pg_dump: creating INDEX "public.idx_reports_workflow"
pg_dump: creating INDEX "public.idx_services_active_recon"
pg_dump: creating INDEX "public.idx_services_confirmed"
pg_dump: creating INDEX "public.idx_services_name"
pg_dump: creating INDEX "public.idx_services_port"
pg_dump: creating INDEX "public.idx_services_product"
pg_dump: creating INDEX "public.idx_services_status"
pg_dump: creating INDEX "public.idx_social_passive_recon"
pg_dump: creating INDEX "public.idx_social_platform"
pg_dump: creating INDEX "public.idx_social_type"
pg_dump: creating INDEX "public.idx_subdomains_domain"
pg_dump: creating INDEX "public.idx_subdomains_name"
pg_dump: creating INDEX "public.idx_subdomains_passive_recon"
pg_dump: creating INDEX "public.idx_subdomains_status"
pg_dump: creating INDEX "public.idx_subdomains_verified"
pg_dump: creating INDEX "public.idx_targets_domain"
pg_dump: creating INDEX "public.idx_targets_status"
pg_dump: creating INDEX "public.idx_vulnerabilities_created"
pg_dump: creating INDEX "public.idx_vulnerabilities_execution"
pg_dump: creating INDEX "public.idx_vulnerabilities_target"
pg_dump: creating INDEX "public.idx_vulnerability_findings_cve"
pg_dump: creating INDEX "public.idx_vulnerability_findings_host"
pg_dump: creating INDEX "public.idx_vulnerability_findings_severity"
pg_dump: creating INDEX "public.idx_vulnerability_findings_status"
pg_dump: creating INDEX "public.idx_vulnerability_findings_title"
pg_dump: creating INDEX "public.idx_vulnerability_findings_type"
pg_dump: creating INDEX "public.idx_vulnerability_findings_verified"
pg_dump: creating INDEX "public.idx_vulnerability_findings_vulnerability"
pg_dump: creating INDEX "public.idx_whois_domain"
pg_dump: creating INDEX "public.idx_whois_passive_recon"
pg_dump: creating INDEX "public.idx_whois_registrar"
pg_dump: creating INDEX "public.idx_workflow_executions_execution_id"
pg_dump: creating INDEX "public.idx_workflow_executions_stage"
pg_dump: creating INDEX "public.idx_workflow_executions_status"
pg_dump: creating INDEX "public.idx_workflow_executions_workflow"
pg_dump: creating INDEX "public.idx_workflows_current_stage"
pg_dump: creating INDEX "public.idx_workflows_status"
pg_dump: creating INDEX "public.idx_workflows_target"
pg_dump: creating INDEX "public.ix_public_active_recon_results_created_at"
pg_dump: creating INDEX "public.ix_public_active_recon_results_execution_id"
pg_dump: creating INDEX "public.ix_public_active_recon_results_id"
pg_dump: creating INDEX "public.ix_public_attack_paths_created_at"
pg_dump: creating INDEX "public.ix_public_attack_paths_id"
pg_dump: creating INDEX "public.ix_public_attack_paths_is_exploitable"
pg_dump: creating INDEX "public.ix_public_attack_paths_is_verified"
pg_dump: creating INDEX "public.ix_public_attack_paths_name"
pg_dump: creating INDEX "public.ix_public_attack_paths_status"
pg_dump: creating INDEX "public.ix_public_kill_chains_created_at"
pg_dump: creating INDEX "public.ix_public_kill_chains_execution_id"
pg_dump: creating INDEX "public.ix_public_kill_chains_id"
pg_dump: creating INDEX "public.ix_public_passive_recon_results_created_at"
pg_dump: creating INDEX "public.ix_public_passive_recon_results_execution_id"
pg_dump: creating INDEX "public.ix_public_passive_recon_results_id"
pg_dump: creating INDEX "public.ix_public_ports_created_at"
pg_dump: creating INDEX "public.ix_public_ports_host"
pg_dump: creating INDEX "public.ix_public_ports_id"
pg_dump: creating INDEX "public.ix_public_ports_is_open"
pg_dump: creating INDEX "public.ix_public_ports_port_number"
pg_dump: creating INDEX "public.ix_public_ports_protocol"
pg_dump: creating INDEX "public.ix_public_ports_service_name"
pg_dump: creating INDEX "public.ix_public_ports_status"
pg_dump: creating INDEX "public.ix_public_reports_access_token"
pg_dump: creating INDEX "public.ix_public_reports_created_at"
pg_dump: creating INDEX "public.ix_public_reports_format"
pg_dump: creating INDEX "public.ix_public_reports_id"
pg_dump: creating INDEX "public.ix_public_reports_is_public"
pg_dump: creating INDEX "public.ix_public_reports_name"
pg_dump: creating INDEX "public.ix_public_reports_report_type"
pg_dump: creating INDEX "public.ix_public_reports_status"
pg_dump: creating INDEX "public.ix_public_reports_workflow_id"
pg_dump: creating INDEX "public.ix_public_services_created_at"
pg_dump: creating INDEX "public.ix_public_services_id"
pg_dump: creating INDEX "public.ix_public_services_is_confirmed"
pg_dump: creating INDEX "public.ix_public_services_name"
pg_dump: creating INDEX "public.ix_public_services_status"
pg_dump: creating INDEX "public.ix_public_subdomains_created_at"
pg_dump: creating INDEX "public.ix_public_subdomains_domain"
pg_dump: creating INDEX "public.ix_public_subdomains_id"
pg_dump: creating INDEX "public.ix_public_subdomains_is_verified"
pg_dump: creating INDEX "public.ix_public_subdomains_name"
pg_dump: creating INDEX "public.ix_public_subdomains_status"
pg_dump: creating INDEX "public.ix_public_subdomains_subdomain_part"
pg_dump: creating INDEX "public.ix_public_targets_created_at"
pg_dump: creating INDEX "public.ix_public_targets_domain"
pg_dump: creating INDEX "public.ix_public_targets_id"
pg_dump: creating INDEX "public.ix_public_targets_target"
pg_dump: creating INDEX "public.ix_public_vulnerabilities_created_at"
pg_dump: creating INDEX "public.ix_public_vulnerabilities_execution_id"
pg_dump: creating INDEX "public.ix_public_vulnerabilities_id"
pg_dump: creating INDEX "public.ix_public_vulnerability_findings_affected_host"
pg_dump: creating INDEX "public.ix_public_vulnerability_findings_created_at"
pg_dump: creating INDEX "public.ix_public_vulnerability_findings_cve_id"
pg_dump: creating INDEX "public.ix_public_vulnerability_findings_id"
pg_dump: creating INDEX "public.ix_public_vulnerability_findings_is_verified"
pg_dump: creating INDEX "public.ix_public_vulnerability_findings_severity"
pg_dump: creating INDEX "public.ix_public_vulnerability_findings_status"
pg_dump: creating INDEX "public.ix_public_vulnerability_findings_title"
pg_dump: creating INDEX "public.ix_public_vulnerability_findings_vuln_type"
pg_dump: creating INDEX "public.ix_public_workflow_executions_created_at"
pg_dump: creating INDEX "public.ix_public_workflow_executions_execution_id"
pg_dump: creating INDEX "public.ix_public_workflow_executions_id"
pg_dump: creating INDEX "public.ix_public_workflow_executions_stage"
pg_dump: creating INDEX "public.ix_public_workflow_executions_status"
pg_dump: creating INDEX "public.ix_public_workflows_created_at"
pg_dump: creating INDEX "public.ix_public_workflows_id"
pg_dump: creating INDEX "public.ix_public_workflows_name"
pg_dump: creating INDEX "public.ix_public_workflows_status"
pg_dump: creating FK CONSTRAINT "public.active_recon_results active_recon_results_target_id_fkey"
pg_dump: creating FK CONSTRAINT "public.archive_findings archive_findings_passive_recon_result_id_fkey"
pg_dump: creating FK CONSTRAINT "public.attack_paths attack_paths_kill_chain_id_fkey"
pg_dump: creating FK CONSTRAINT "public.breach_records breach_records_passive_recon_result_id_fkey"
pg_dump: creating FK CONSTRAINT "public.certificate_logs certificate_logs_passive_recon_result_id_fkey"
pg_dump: creating FK CONSTRAINT "public.cloud_assets cloud_assets_passive_recon_result_id_fkey"
pg_dump: creating FK CONSTRAINT "public.infrastructure_exposures infrastructure_exposures_passive_recon_result_id_fkey"
pg_dump: creating FK CONSTRAINT "public.kill_chains kill_chains_target_id_fkey"
pg_dump: creating FK CONSTRAINT "public.passive_recon_results passive_recon_results_target_id_fkey"
pg_dump: creating FK CONSTRAINT "public.ports ports_active_recon_result_id_fkey"
pg_dump: creating FK CONSTRAINT "public.reports reports_target_id_fkey"
pg_dump: creating FK CONSTRAINT "public.reports reports_workflow_id_fkey"
pg_dump: creating FK CONSTRAINT "public.repository_findings repository_findings_passive_recon_result_id_fkey"
pg_dump: creating FK CONSTRAINT "public.search_dork_results search_dork_results_passive_recon_result_id_fkey"
pg_dump: creating FK CONSTRAINT "public.services services_active_recon_result_id_fkey"
pg_dump: creating FK CONSTRAINT "public.services services_port_id_fkey"
pg_dump: creating FK CONSTRAINT "public.social_media_intel social_media_intel_passive_recon_result_id_fkey"
pg_dump: creating FK CONSTRAINT "public.subdomains subdomains_passive_recon_result_id_fkey"
pg_dump: creating FK CONSTRAINT "public.vulnerabilities vulnerabilities_target_id_fkey"
pg_dump: creating FK CONSTRAINT "public.vulnerability_findings vulnerability_findings_vulnerability_id_fkey"
pg_dump: creating FK CONSTRAINT "public.whois_records whois_records_passive_recon_result_id_fkey"
pg_dump: creating FK CONSTRAINT "public.workflow_executions workflow_executions_workflow_id_fkey"
pg_dump: creating FK CONSTRAINT "public.workflows workflows_target_id_fkey"
[2025-08-04 15:51:24] \033[0;32mSUCCESS: Database backup created: /backups/database/db_backup_20250804_155124.sql\033[0m
[2025-08-04 15:51:24] Compressing database backup...
[2025-08-04 15:51:24] \033[0;32mSUCCESS: Database backup compressed: /backups/database/db_backup_20250804_155124.sql.gz\033[0m
[2025-08-04 15:51:24] Encrypting database backup...
[2025-08-04 15:53:15] === Starting Bug Hunting Framework Backup ===
[2025-08-04 15:53:15] Backup ID: 20250804_155315
[2025-08-04 15:53:15] Date: 2025-08-04
[2025-08-04 15:53:15] Checking environment configuration...
[2025-08-04 15:53:15] \033[0;32mSUCCESS: Environment configuration validated\033[0m
[2025-08-04 15:53:15] Creating backup directory structure...
[2025-08-04 15:53:15] \033[0;32mSUCCESS: Backup directory structure created\033[0m
[2025-08-04 15:53:15] Setting up encryption...
[2025-08-04 15:53:15] Using existing encryption key
[2025-08-04 15:53:15] Starting database backup...
pg_dump: last built-in OID is 16383
pg_dump: reading extensions
pg_dump: identifying extension members
pg_dump: reading schemas
pg_dump: reading user-defined tables
pg_dump: reading user-defined functions
pg_dump: reading user-defined types
pg_dump: reading procedural languages
pg_dump: reading user-defined aggregate functions
pg_dump: reading user-defined operators
pg_dump: reading user-defined access methods
pg_dump: reading user-defined operator classes
pg_dump: reading user-defined operator families
pg_dump: reading user-defined text search parsers
pg_dump: reading user-defined text search templates
pg_dump: reading user-defined text search dictionaries
pg_dump: reading user-defined text search configurations
pg_dump: reading user-defined foreign-data wrappers
pg_dump: reading user-defined foreign servers
pg_dump: reading default privileges
pg_dump: reading user-defined collations
pg_dump: reading user-defined conversions
pg_dump: reading type casts
pg_dump: reading transforms
pg_dump: reading table inheritance information
pg_dump: reading event triggers
pg_dump: finding extension tables
pg_dump: finding inheritance relationships
pg_dump: reading column info for interesting tables
pg_dump: flagging inherited columns in subtables
pg_dump: reading partitioning data
pg_dump: reading indexes
pg_dump: flagging indexes in partitioned tables
pg_dump: reading extended statistics
pg_dump: reading constraints
pg_dump: reading triggers
pg_dump: reading rewrite rules
pg_dump: reading policies
pg_dump: reading row-level security policies
pg_dump: reading publications
pg_dump: reading publication membership of tables
pg_dump: reading publication membership of schemas
pg_dump: reading subscriptions
pg_dump: reading large objects
pg_dump: reading dependency data
pg_dump: saving encoding = UTF8
pg_dump: saving standard_conforming_strings = on
pg_dump: saving search_path = 
pg_dump: saving database definition
pg_dump: dropping DATABASE bug_hunting_framework
pg_dump: creating DATABASE "bug_hunting_framework"
pg_dump: connecting to new database "bug_hunting_framework"
pg_dump: creating EXTENSION "pg_trgm"
pg_dump: creating COMMENT "EXTENSION pg_trgm"
pg_dump: creating EXTENSION "uuid-ossp"
pg_dump: creating COMMENT "EXTENSION "uuid-ossp""
pg_dump: creating TYPE "public.attackpathstatus"
pg_dump: creating TYPE "public.bugbountyplatform"
pg_dump: creating TYPE "public.portstatus"
pg_dump: creating TYPE "public.reconcategory"
pg_dump: creating TYPE "public.reportformat"
pg_dump: creating TYPE "public.reportstatus"
pg_dump: creating TYPE "public.reporttype"
pg_dump: creating TYPE "public.servicestatus"
pg_dump: creating TYPE "public.subdomainstatus"
pg_dump: creating TYPE "public.targetstatus"
pg_dump: creating TYPE "public.vulnerabilityseverity"
pg_dump: creating TYPE "public.vulnerabilitystatus"
pg_dump: creating TYPE "public.vulnerabilitytype"
pg_dump: creating TYPE "public.workflowstage"
pg_dump: creating TYPE "public.workflowstatus"
pg_dump: creating TABLE "public.active_recon_results"
pg_dump: creating TABLE "public.alembic_version"
pg_dump: creating TABLE "public.archive_findings"
pg_dump: creating TABLE "public.attack_paths"
pg_dump: creating TABLE "public.breach_records"
pg_dump: creating TABLE "public.certificate_logs"
pg_dump: creating TABLE "public.cloud_assets"
pg_dump: creating TABLE "public.infrastructure_exposures"
pg_dump: creating TABLE "public.kill_chains"
pg_dump: creating TABLE "public.passive_recon_results"
pg_dump: creating TABLE "public.ports"
pg_dump: creating TABLE "public.reports"
pg_dump: creating TABLE "public.repository_findings"
pg_dump: creating TABLE "public.search_dork_results"
pg_dump: creating TABLE "public.services"
pg_dump: creating TABLE "public.social_media_intel"
pg_dump: creating TABLE "public.subdomains"
pg_dump: creating TABLE "public.targets"
pg_dump: creating TABLE "public.vulnerabilities"
pg_dump: creating TABLE "public.vulnerability_findings"
pg_dump: creating TABLE "public.whois_records"
pg_dump: creating TABLE "public.workflow_executions"
pg_dump: creating TABLE "public.workflows"
pg_dump: processing data for table "public.active_recon_results"
pg_dump: dumping contents of table "public.active_recon_results"
pg_dump: processing data for table "public.alembic_version"
pg_dump: dumping contents of table "public.alembic_version"
pg_dump: processing data for table "public.archive_findings"
pg_dump: dumping contents of table "public.archive_findings"
pg_dump: processing data for table "public.attack_paths"
pg_dump: dumping contents of table "public.attack_paths"
pg_dump: processing data for table "public.breach_records"
pg_dump: dumping contents of table "public.breach_records"
pg_dump: processing data for table "public.certificate_logs"
pg_dump: dumping contents of table "public.certificate_logs"
pg_dump: processing data for table "public.cloud_assets"
pg_dump: dumping contents of table "public.cloud_assets"
pg_dump: processing data for table "public.infrastructure_exposures"
pg_dump: dumping contents of table "public.infrastructure_exposures"
pg_dump: processing data for table "public.kill_chains"
pg_dump: dumping contents of table "public.kill_chains"
pg_dump: processing data for table "public.passive_recon_results"
pg_dump: dumping contents of table "public.passive_recon_results"
pg_dump: processing data for table "public.ports"
pg_dump: dumping contents of table "public.ports"
pg_dump: processing data for table "public.reports"
pg_dump: dumping contents of table "public.reports"
pg_dump: processing data for table "public.repository_findings"
pg_dump: dumping contents of table "public.repository_findings"
pg_dump: processing data for table "public.search_dork_results"
pg_dump: dumping contents of table "public.search_dork_results"
pg_dump: processing data for table "public.services"
pg_dump: dumping contents of table "public.services"
pg_dump: processing data for table "public.social_media_intel"
pg_dump: dumping contents of table "public.social_media_intel"
pg_dump: processing data for table "public.subdomains"
pg_dump: dumping contents of table "public.subdomains"
pg_dump: processing data for table "public.targets"
pg_dump: dumping contents of table "public.targets"
pg_dump: processing data for table "public.vulnerabilities"
pg_dump: dumping contents of table "public.vulnerabilities"
pg_dump: processing data for table "public.vulnerability_findings"
pg_dump: dumping contents of table "public.vulnerability_findings"
pg_dump: processing data for table "public.whois_records"
pg_dump: dumping contents of table "public.whois_records"
pg_dump: processing data for table "public.workflow_executions"
pg_dump: dumping contents of table "public.workflow_executions"
pg_dump: processing data for table "public.workflows"
pg_dump: dumping contents of table "public.workflows"
pg_dump: creating CONSTRAINT "public.active_recon_results active_recon_results_pkey"
pg_dump: creating CONSTRAINT "public.alembic_version alembic_version_pkc"
pg_dump: creating CONSTRAINT "public.archive_findings archive_findings_pkey"
pg_dump: creating CONSTRAINT "public.attack_paths attack_paths_pkey"
pg_dump: creating CONSTRAINT "public.breach_records breach_records_pkey"
pg_dump: creating CONSTRAINT "public.certificate_logs certificate_logs_pkey"
pg_dump: creating CONSTRAINT "public.cloud_assets cloud_assets_pkey"
pg_dump: creating CONSTRAINT "public.infrastructure_exposures infrastructure_exposures_pkey"
pg_dump: creating CONSTRAINT "public.kill_chains kill_chains_pkey"
pg_dump: creating CONSTRAINT "public.passive_recon_results passive_recon_results_pkey"
pg_dump: creating CONSTRAINT "public.ports ports_pkey"
pg_dump: creating CONSTRAINT "public.reports reports_pkey"
pg_dump: creating CONSTRAINT "public.repository_findings repository_findings_pkey"
pg_dump: creating CONSTRAINT "public.search_dork_results search_dork_results_pkey"
pg_dump: creating CONSTRAINT "public.services services_pkey"
pg_dump: creating CONSTRAINT "public.social_media_intel social_media_intel_pkey"
pg_dump: creating CONSTRAINT "public.subdomains subdomains_pkey"
pg_dump: creating CONSTRAINT "public.targets targets_pkey"
pg_dump: creating CONSTRAINT "public.vulnerabilities vulnerabilities_pkey"
pg_dump: creating CONSTRAINT "public.vulnerability_findings vulnerability_findings_pkey"
pg_dump: creating CONSTRAINT "public.whois_records whois_records_pkey"
pg_dump: creating CONSTRAINT "public.workflow_executions workflow_executions_pkey"
pg_dump: creating CONSTRAINT "public.workflows workflows_pkey"
pg_dump: creating INDEX "public.idx_active_recon_created"
pg_dump: creating INDEX "public.idx_active_recon_execution"
pg_dump: creating INDEX "public.idx_active_recon_target"
pg_dump: creating INDEX "public.idx_archive_passive_recon"
pg_dump: creating INDEX "public.idx_archive_source"
pg_dump: creating INDEX "public.idx_archive_type"
pg_dump: creating INDEX "public.idx_attack_paths_exploitable"
pg_dump: creating INDEX "public.idx_attack_paths_kill_chain"
pg_dump: creating INDEX "public.idx_attack_paths_name"
pg_dump: creating INDEX "public.idx_attack_paths_status"
pg_dump: creating INDEX "public.idx_attack_paths_verified"
pg_dump: creating INDEX "public.idx_breach_passive_recon"
pg_dump: creating INDEX "public.idx_breach_source"
pg_dump: creating INDEX "public.idx_breach_type"
pg_dump: creating INDEX "public.idx_cert_domain"
pg_dump: creating INDEX "public.idx_cert_issuer"
pg_dump: creating INDEX "public.idx_cert_passive_recon"
pg_dump: creating INDEX "public.idx_cloud_passive_recon"
pg_dump: creating INDEX "public.idx_cloud_provider"
pg_dump: creating INDEX "public.idx_cloud_type"
pg_dump: creating INDEX "public.idx_dork_passive_recon"
pg_dump: creating INDEX "public.idx_dork_query"
pg_dump: creating INDEX "public.idx_dork_type"
pg_dump: creating INDEX "public.idx_infra_passive_recon"
pg_dump: creating INDEX "public.idx_infra_service"
pg_dump: creating INDEX "public.idx_infra_source"
pg_dump: creating INDEX "public.idx_kill_chains_created"
pg_dump: creating INDEX "public.idx_kill_chains_execution"
pg_dump: creating INDEX "public.idx_kill_chains_target"
pg_dump: creating INDEX "public.idx_passive_recon_created"
pg_dump: creating INDEX "public.idx_passive_recon_execution"
pg_dump: creating INDEX "public.idx_passive_recon_target"
pg_dump: creating INDEX "public.idx_ports_active_recon"
pg_dump: creating INDEX "public.idx_ports_host"
pg_dump: creating INDEX "public.idx_ports_host_port"
pg_dump: creating INDEX "public.idx_ports_number"
pg_dump: creating INDEX "public.idx_ports_open"
pg_dump: creating INDEX "public.idx_ports_protocol"
pg_dump: creating INDEX "public.idx_ports_service"
pg_dump: creating INDEX "public.idx_ports_status"
pg_dump: creating INDEX "public.idx_repo_passive_recon"
pg_dump: creating INDEX "public.idx_repo_platform"
pg_dump: creating INDEX "public.idx_repo_type"
pg_dump: creating INDEX "public.idx_reports_created"
pg_dump: creating INDEX "public.idx_reports_format"
pg_dump: creating INDEX "public.idx_reports_name"
pg_dump: creating INDEX "public.idx_reports_status"
pg_dump: creating INDEX "public.idx_reports_target"
pg_dump: creating INDEX "public.idx_reports_type"
pg_dump: creating INDEX "public.idx_reports_workflow"
pg_dump: creating INDEX "public.idx_services_active_recon"
pg_dump: creating INDEX "public.idx_services_confirmed"
pg_dump: creating INDEX "public.idx_services_name"
pg_dump: creating INDEX "public.idx_services_port"
pg_dump: creating INDEX "public.idx_services_product"
pg_dump: creating INDEX "public.idx_services_status"
pg_dump: creating INDEX "public.idx_social_passive_recon"
pg_dump: creating INDEX "public.idx_social_platform"
pg_dump: creating INDEX "public.idx_social_type"
pg_dump: creating INDEX "public.idx_subdomains_domain"
pg_dump: creating INDEX "public.idx_subdomains_name"
pg_dump: creating INDEX "public.idx_subdomains_passive_recon"
pg_dump: creating INDEX "public.idx_subdomains_status"
pg_dump: creating INDEX "public.idx_subdomains_verified"
pg_dump: creating INDEX "public.idx_targets_domain"
pg_dump: creating INDEX "public.idx_targets_status"
pg_dump: creating INDEX "public.idx_vulnerabilities_created"
pg_dump: creating INDEX "public.idx_vulnerabilities_execution"
pg_dump: creating INDEX "public.idx_vulnerabilities_target"
pg_dump: creating INDEX "public.idx_vulnerability_findings_cve"
pg_dump: creating INDEX "public.idx_vulnerability_findings_host"
pg_dump: creating INDEX "public.idx_vulnerability_findings_severity"
pg_dump: creating INDEX "public.idx_vulnerability_findings_status"
pg_dump: creating INDEX "public.idx_vulnerability_findings_title"
pg_dump: creating INDEX "public.idx_vulnerability_findings_type"
pg_dump: creating INDEX "public.idx_vulnerability_findings_verified"
pg_dump: creating INDEX "public.idx_vulnerability_findings_vulnerability"
pg_dump: creating INDEX "public.idx_whois_domain"
pg_dump: creating INDEX "public.idx_whois_passive_recon"
pg_dump: creating INDEX "public.idx_whois_registrar"
pg_dump: creating INDEX "public.idx_workflow_executions_execution_id"
pg_dump: creating INDEX "public.idx_workflow_executions_stage"
pg_dump: creating INDEX "public.idx_workflow_executions_status"
pg_dump: creating INDEX "public.idx_workflow_executions_workflow"
pg_dump: creating INDEX "public.idx_workflows_current_stage"
pg_dump: creating INDEX "public.idx_workflows_status"
pg_dump: creating INDEX "public.idx_workflows_target"
pg_dump: creating INDEX "public.ix_public_active_recon_results_created_at"
pg_dump: creating INDEX "public.ix_public_active_recon_results_execution_id"
pg_dump: creating INDEX "public.ix_public_active_recon_results_id"
pg_dump: creating INDEX "public.ix_public_attack_paths_created_at"
pg_dump: creating INDEX "public.ix_public_attack_paths_id"
pg_dump: creating INDEX "public.ix_public_attack_paths_is_exploitable"
pg_dump: creating INDEX "public.ix_public_attack_paths_is_verified"
pg_dump: creating INDEX "public.ix_public_attack_paths_name"
pg_dump: creating INDEX "public.ix_public_attack_paths_status"
pg_dump: creating INDEX "public.ix_public_kill_chains_created_at"
pg_dump: creating INDEX "public.ix_public_kill_chains_execution_id"
pg_dump: creating INDEX "public.ix_public_kill_chains_id"
pg_dump: creating INDEX "public.ix_public_passive_recon_results_created_at"
pg_dump: creating INDEX "public.ix_public_passive_recon_results_execution_id"
pg_dump: creating INDEX "public.ix_public_passive_recon_results_id"
pg_dump: creating INDEX "public.ix_public_ports_created_at"
pg_dump: creating INDEX "public.ix_public_ports_host"
pg_dump: creating INDEX "public.ix_public_ports_id"
pg_dump: creating INDEX "public.ix_public_ports_is_open"
pg_dump: creating INDEX "public.ix_public_ports_port_number"
pg_dump: creating INDEX "public.ix_public_ports_protocol"
pg_dump: creating INDEX "public.ix_public_ports_service_name"
pg_dump: creating INDEX "public.ix_public_ports_status"
pg_dump: creating INDEX "public.ix_public_reports_access_token"
pg_dump: creating INDEX "public.ix_public_reports_created_at"
pg_dump: creating INDEX "public.ix_public_reports_format"
pg_dump: creating INDEX "public.ix_public_reports_id"
pg_dump: creating INDEX "public.ix_public_reports_is_public"
pg_dump: creating INDEX "public.ix_public_reports_name"
pg_dump: creating INDEX "public.ix_public_reports_report_type"
pg_dump: creating INDEX "public.ix_public_reports_status"
pg_dump: creating INDEX "public.ix_public_reports_workflow_id"
pg_dump: creating INDEX "public.ix_public_services_created_at"
pg_dump: creating INDEX "public.ix_public_services_id"
pg_dump: creating INDEX "public.ix_public_services_is_confirmed"
pg_dump: creating INDEX "public.ix_public_services_name"
pg_dump: creating INDEX "public.ix_public_services_status"
pg_dump: creating INDEX "public.ix_public_subdomains_created_at"
pg_dump: creating INDEX "public.ix_public_subdomains_domain"
pg_dump: creating INDEX "public.ix_public_subdomains_id"
pg_dump: creating INDEX "public.ix_public_subdomains_is_verified"
pg_dump: creating INDEX "public.ix_public_subdomains_name"
pg_dump: creating INDEX "public.ix_public_subdomains_status"
pg_dump: creating INDEX "public.ix_public_subdomains_subdomain_part"
pg_dump: creating INDEX "public.ix_public_targets_created_at"
pg_dump: creating INDEX "public.ix_public_targets_domain"
pg_dump: creating INDEX "public.ix_public_targets_id"
pg_dump: creating INDEX "public.ix_public_targets_target"
pg_dump: creating INDEX "public.ix_public_vulnerabilities_created_at"
pg_dump: creating INDEX "public.ix_public_vulnerabilities_execution_id"
pg_dump: creating INDEX "public.ix_public_vulnerabilities_id"
pg_dump: creating INDEX "public.ix_public_vulnerability_findings_affected_host"
pg_dump: creating INDEX "public.ix_public_vulnerability_findings_created_at"
pg_dump: creating INDEX "public.ix_public_vulnerability_findings_cve_id"
pg_dump: creating INDEX "public.ix_public_vulnerability_findings_id"
pg_dump: creating INDEX "public.ix_public_vulnerability_findings_is_verified"
pg_dump: creating INDEX "public.ix_public_vulnerability_findings_severity"
pg_dump: creating INDEX "public.ix_public_vulnerability_findings_status"
pg_dump: creating INDEX "public.ix_public_vulnerability_findings_title"
pg_dump: creating INDEX "public.ix_public_vulnerability_findings_vuln_type"
pg_dump: creating INDEX "public.ix_public_workflow_executions_created_at"
pg_dump: creating INDEX "public.ix_public_workflow_executions_execution_id"
pg_dump: creating INDEX "public.ix_public_workflow_executions_id"
pg_dump: creating INDEX "public.ix_public_workflow_executions_stage"
pg_dump: creating INDEX "public.ix_public_workflow_executions_status"
pg_dump: creating INDEX "public.ix_public_workflows_created_at"
pg_dump: creating INDEX "public.ix_public_workflows_id"
pg_dump: creating INDEX "public.ix_public_workflows_name"
pg_dump: creating INDEX "public.ix_public_workflows_status"
pg_dump: creating FK CONSTRAINT "public.active_recon_results active_recon_results_target_id_fkey"
pg_dump: creating FK CONSTRAINT "public.archive_findings archive_findings_passive_recon_result_id_fkey"
pg_dump: creating FK CONSTRAINT "public.attack_paths attack_paths_kill_chain_id_fkey"
pg_dump: creating FK CONSTRAINT "public.breach_records breach_records_passive_recon_result_id_fkey"
pg_dump: creating FK CONSTRAINT "public.certificate_logs certificate_logs_passive_recon_result_id_fkey"
pg_dump: creating FK CONSTRAINT "public.cloud_assets cloud_assets_passive_recon_result_id_fkey"
pg_dump: creating FK CONSTRAINT "public.infrastructure_exposures infrastructure_exposures_passive_recon_result_id_fkey"
pg_dump: creating FK CONSTRAINT "public.kill_chains kill_chains_target_id_fkey"
pg_dump: creating FK CONSTRAINT "public.passive_recon_results passive_recon_results_target_id_fkey"
pg_dump: creating FK CONSTRAINT "public.ports ports_active_recon_result_id_fkey"
pg_dump: creating FK CONSTRAINT "public.reports reports_target_id_fkey"
pg_dump: creating FK CONSTRAINT "public.reports reports_workflow_id_fkey"
pg_dump: creating FK CONSTRAINT "public.repository_findings repository_findings_passive_recon_result_id_fkey"
pg_dump: creating FK CONSTRAINT "public.search_dork_results search_dork_results_passive_recon_result_id_fkey"
pg_dump: creating FK CONSTRAINT "public.services services_active_recon_result_id_fkey"
pg_dump: creating FK CONSTRAINT "public.services services_port_id_fkey"
pg_dump: creating FK CONSTRAINT "public.social_media_intel social_media_intel_passive_recon_result_id_fkey"
pg_dump: creating FK CONSTRAINT "public.subdomains subdomains_passive_recon_result_id_fkey"
pg_dump: creating FK CONSTRAINT "public.vulnerabilities vulnerabilities_target_id_fkey"
pg_dump: creating FK CONSTRAINT "public.vulnerability_findings vulnerability_findings_vulnerability_id_fkey"
pg_dump: creating FK CONSTRAINT "public.whois_records whois_records_passive_recon_result_id_fkey"
pg_dump: creating FK CONSTRAINT "public.workflow_executions workflow_executions_workflow_id_fkey"
pg_dump: creating FK CONSTRAINT "public.workflows workflows_target_id_fkey"
[2025-08-04 15:53:15] \033[0;32mSUCCESS: Database backup created: /backups/database/db_backup_20250804_155315.sql\033[0m
[2025-08-04 15:53:15] Compressing database backup...
[2025-08-04 15:53:15] \033[0;32mSUCCESS: Database backup compressed: /backups/database/db_backup_20250804_155315.sql.gz\033[0m
[2025-08-04 15:53:15] Encrypting database backup...
